Log file: D:\code\chidori_proj\orbitwar\Orbit-Wars\log\train_20260522_171000.log
Model type: mlp
Device: cpu
AMP: False
Config: total_updates=100, num_envs=4, rollout_steps=64
Start time: 2026-05-22 17:10:00

Model parameters: 1,197,961 total, 1,197,961 trainable

update=1      | rollout=      2.9s | train=      1.4s | total=      4.3s | reward=-0.5589 | p_loss=621867.8451 | v_loss=91.5097 | ent=12.2055
update=2      | rollout=      3.2s | train=      2.4s | total=      5.6s | reward=-1.9498 | p_loss=1889606705727.1091 | v_loss=957.5760 | ent=23.9241
update=3      | rollout=      5.3s | train=      2.6s | total=      7.9s | reward=-2.2379 | p_loss=238648292.1754 | v_loss=1380.9047 | ent=25.3734
update=4      | rollout=      4.4s | train=      2.8s | total=      7.3s | reward=-1.1438 | p_loss=158.6903 | v_loss=473.4151 | ent=28.3398
update=5      | rollout=      4.0s | train=      3.5s | total=      7.5s | reward=-1.9545 | p_loss=16.8542 | v_loss=776.4696 | ent=33.6943
update=6      | rollout=      5.1s | train=      3.7s | total=      8.9s | reward=-1.7191 | p_loss=962242308.3478 | v_loss=1080.7539 | ent=30.7442
update=7      | rollout=      4.6s | train=      4.2s | total=      8.7s | reward=-0.5418 | p_loss=0.7407 | v_loss=1136.6330 | ent=33.9970
update=8      | rollout=      4.1s | train=      2.9s | total=      7.1s | reward=-1.5024 | p_loss=0.2084 | v_loss=1022.4632 | ent=23.3229
update=9      | rollout=      4.8s | train=      2.7s | total=      7.5s | reward=-2.7914 | p_loss=19016154970.0181 | v_loss=1004.4045 | ent=19.9333
update=10     | rollout=      5.4s | train=      2.7s | total=      8.1s | reward=-1.1616 | p_loss=98367050917.2571 | v_loss=630.8120 | ent=18.7740
update=11     | rollout=      4.1s | train=      2.3s | total=      6.4s | reward=-2.5784 | p_loss=15548889954.8383 | v_loss=822.3891 | ent=8.8386
update=12     | rollout=      3.3s | train=      3.0s | total=      6.4s | reward=-1.3439 | p_loss=54.9964 | v_loss=306.3269 | ent=6.9101
update=13     | rollout=      3.0s | train=      1.4s | total=      4.4s | reward=-2.4659 | p_loss=0.2242 | v_loss=690.6766 | ent=3.2769
update=14     | rollout=      3.7s | train=      2.7s | total=      6.3s | reward=+0.0800 | p_loss=83.0797 | v_loss=185.6553 | ent=8.7926
update=15     | rollout=      4.1s | train=      4.0s | total=      8.1s | reward=+0.1506 | p_loss=0.3045 | v_loss=816.5237 | ent=11.5914
update=16     | rollout=      6.8s | train=      5.0s | total=     11.8s | reward=-2.0614 | p_loss=4.0970 | v_loss=2219.4729 | ent=12.7566
update=17     | rollout=      6.9s | train=      3.5s | total=     10.4s | reward=-2.4016 | p_loss=248397.6031 | v_loss=1312.0477 | ent=8.3192
update=18     | rollout=      4.9s | train=      3.4s | total=      8.3s | reward=-1.4780 | p_loss=51205201.9175 | v_loss=789.2248 | ent=6.1735
update=19     | rollout=      3.5s | train=      2.3s | total=      5.8s | reward=-0.5017 | p_loss=13.6354 | v_loss=951.1881 | ent=5.0749
update=20     | rollout=      2.8s | train=      2.4s | total=      5.2s | reward=-1.1526 | p_loss=0.2611 | v_loss=1121.4130 | ent=8.8134
update=21     | rollout=      4.1s | train=      4.2s | total=      8.3s | reward=+0.3845 | p_loss=0.3653 | v_loss=174.1195 | ent=28.0496
update=22     | rollout=      8.0s | train=      7.7s | total=     15.7s | reward=-0.1309 | p_loss=6912.9968 | v_loss=1144.6727 | ent=35.1504
update=23     | rollout=     11.1s | train=      5.8s | total=     16.9s | reward=-1.3885 | p_loss=10.0515 | v_loss=619.0024 | ent=44.7562
update=24     | rollout=      7.8s | train=      5.4s | total=     13.2s | reward=-1.7545 | p_loss=1115412.4108 | v_loss=917.1577 | ent=44.5727
update=25     | rollout=      5.4s | train=      4.4s | total=      9.7s | reward=-0.5655 | p_loss=3.6316 | v_loss=338.7137 | ent=38.6471
update=26     | rollout=      8.3s | train=      6.3s | total=     14.6s | reward=+0.0082 | p_loss=1948173.6753 | v_loss=317.8271 | ent=53.6379
update=27     | rollout=     10.6s | train=      4.9s | total=     15.6s | reward=+0.5375 | p_loss=19439.0911 | v_loss=646.7691 | ent=25.8130
update=28     | rollout=     14.6s | train=      3.6s | total=     18.3s | reward=-1.9293 | p_loss=1366293952046.1619 | v_loss=946.5009 | ent=12.8285
update=29     | rollout=     19.4s | train=      3.8s | total=     23.2s | reward=-1.0200 | p_loss=5851044429.9403 | v_loss=865.5373 | ent=8.8625
update=30     | rollout=     20.0s | train=      6.2s | total=     26.3s | reward=+0.4165 | p_loss=0.3330 | v_loss=593.5713 | ent=4.8045
update=31     | rollout=     17.8s | train=      3.7s | total=     21.6s | reward=-1.9303 | p_loss=783.6768 | v_loss=1483.9878 | ent=3.4411
update=32     | rollout=      8.1s | train=      2.6s | total=     10.7s | reward=+0.1830 | p_loss=0.1084 | v_loss=348.9027 | ent=1.9404
update=33     | rollout=      8.0s | train=      1.9s | total=      9.8s | reward=-0.3223 | p_loss=2.8263 | v_loss=61.8217 | ent=2.6835
update=34     | rollout=     11.3s | train=      3.8s | total=     15.1s | reward=-0.6481 | p_loss=428311.2602 | v_loss=1487.0532 | ent=6.3674
update=35     | rollout=     17.4s | train=      6.0s | total=     23.4s | reward=-0.3945 | p_loss=19.3785 | v_loss=803.3019 | ent=6.5819
update=36     | rollout=     21.2s | train=      7.9s | total=     29.1s | reward=-1.1450 | p_loss=0.2009 | v_loss=1427.2979 | ent=6.5263
update=37     | rollout=     19.5s | train=      7.8s | total=     27.3s | reward=+0.8017 | p_loss=1.0241 | v_loss=702.4352 | ent=7.0749
update=38     | rollout=     18.3s | train=      8.0s | total=     26.3s | reward=-0.2426 | p_loss=18.3040 | v_loss=557.6118 | ent=9.6595
update=39     | rollout=     18.7s | train=      4.1s | total=     22.8s | reward=-0.8726 | p_loss=48.0043 | v_loss=1129.9808 | ent=2.6712
update=40     | rollout=     11.1s | train=      0.9s | total=     12.0s | reward=-0.7355 | p_loss=706445.9068 | v_loss=402.1351 | ent=0.4253
update=41     | rollout=     11.0s | train=      3.4s | total=     14.5s | reward=-0.4261 | p_loss=1.1857 | v_loss=643.8863 | ent=5.0788
update=42     | rollout=     16.1s | train=      6.4s | total=     22.5s | reward=-0.1839 | p_loss=0.3030 | v_loss=755.6896 | ent=3.8137
update=43     | rollout=     17.3s | train=      8.0s | total=     25.4s | reward=+1.0490 | p_loss=0.4320 | v_loss=635.9752 | ent=4.7569
update=44     | rollout=     19.5s | train=      8.8s | total=     28.3s | reward=+0.4064 | p_loss=0.5507 | v_loss=807.9805 | ent=7.8188
update=45     | rollout=     20.5s | train=      9.5s | total=     30.1s | reward=+0.2466 | p_loss=0.4195 | v_loss=581.1515 | ent=6.3288
update=46     | rollout=     20.0s | train=      9.7s | total=     29.8s | reward=+1.3326 | p_loss=0.3014 | v_loss=1044.4404 | ent=6.0897
update=47     | rollout=     14.0s | train=      6.4s | total=     20.4s | reward=+0.9450 | p_loss=0.7360 | v_loss=872.9909 | ent=4.1564
update=48     | rollout=     10.4s | train=      5.0s | total=     15.4s | reward=-0.1627 | p_loss=0.4326 | v_loss=880.0320 | ent=5.5513
update=49     | rollout=      8.4s | train=      4.3s | total=     12.7s | reward=-0.1921 | p_loss=0.2531 | v_loss=183.8803 | ent=6.7622
update=50     | rollout=     14.9s | train=      7.0s | total=     22.5s | reward=-0.8700 | p_loss=0.4253 | v_loss=793.0071 | ent=7.7800
update=51     | rollout=     20.4s | train=      7.3s | total=     27.7s | reward=-0.6352 | p_loss=403.8653 | v_loss=854.9658 | ent=6.6166
update=52     | rollout=     19.4s | train=      6.3s | total=     25.7s | reward=-0.2034 | p_loss=7.3442 | v_loss=727.5181 | ent=2.7156
update=53     | rollout=     16.5s | train=      6.5s | total=     23.0s | reward=-0.3886 | p_loss=7.1704 | v_loss=598.6213 | ent=3.3879
update=54     | rollout=     12.3s | train=      4.3s | total=     16.6s | reward=-1.3887 | p_loss=17.4393 | v_loss=1124.7050 | ent=5.5969
update=55     | rollout=      7.8s | train=      4.3s | total=     12.1s | reward=-0.0154 | p_loss=0.1603 | v_loss=1008.6428 | ent=7.7661
update=56     | rollout=      9.2s | train=      4.3s | total=     13.6s | reward=-0.2657 | p_loss=522.5782 | v_loss=261.9975 | ent=9.1333
update=57     | rollout=     15.7s | train=      6.1s | total=     21.8s | reward=-1.0540 | p_loss=52.2429 | v_loss=594.8381 | ent=9.3826
update=58     | rollout=     19.6s | train=      7.1s | total=     26.7s | reward=-0.5929 | p_loss=291.2271 | v_loss=577.4774 | ent=7.9777
update=59     | rollout=     17.8s | train=      5.5s | total=     23.3s | reward=-0.5551 | p_loss=303.9293 | v_loss=415.0372 | ent=12.1777
update=60     | rollout=     16.5s | train=      5.4s | total=     22.0s | reward=-0.3132 | p_loss=48.6307 | v_loss=1053.3517 | ent=8.4970
update=61     | rollout=     14.4s | train=      4.6s | total=     19.0s | reward=-0.9778 | p_loss=9185.2004 | v_loss=312.0142 | ent=7.2971
update=62     | rollout=     10.3s | train=      3.4s | total=     13.7s | reward=-1.0706 | p_loss=60529.1209 | v_loss=1588.2209 | ent=3.5016
update=63     | rollout=     10.8s | train=      2.6s | total=     13.5s | reward=-0.1866 | p_loss=0.2479 | v_loss=370.4013 | ent=2.2689
update=64     | rollout=     14.8s | train=      4.5s | total=     19.3s | reward=-0.2948 | p_loss=0.5916 | v_loss=294.1124 | ent=2.7482
update=65     | rollout=     15.7s | train=      5.5s | total=     21.2s | reward=-1.0740 | p_loss=0.3248 | v_loss=931.8797 | ent=2.9845
update=66     | rollout=     18.3s | train=      5.8s | total=     24.1s | reward=+0.2651 | p_loss=0.1703 | v_loss=550.1286 | ent=3.6628
update=67     | rollout=     19.3s | train=      7.4s | total=     26.7s | reward=+0.1970 | p_loss=0.3050 | v_loss=964.7975 | ent=3.4396
update=68     | rollout=     17.0s | train=      7.1s | total=     24.1s | reward=-0.2773 | p_loss=0.2028 | v_loss=1489.0053 | ent=3.5808
update=69     | rollout=      9.7s | train=      5.9s | total=     15.6s | reward=+0.1542 | p_loss=0.1257 | v_loss=283.9485 | ent=3.2152
update=70     | rollout=      8.6s | train=      4.0s | total=     12.5s | reward=-0.0154 | p_loss=0.1737 | v_loss=621.5878 | ent=3.1967
update=71     | rollout=      9.6s | train=      3.2s | total=     12.9s | reward=-0.9393 | p_loss=1.4746 | v_loss=874.9601 | ent=1.4857
update=72     | rollout=      8.8s | train=      1.9s | total=     10.8s | reward=-0.8683 | p_loss=0.2274 | v_loss=404.1787 | ent=1.4568
update=73     | rollout=     10.8s | train=      4.4s | total=     15.2s | reward=+0.2168 | p_loss=0.2840 | v_loss=260.6235 | ent=3.5766
update=74     | rollout=     18.9s | train=      5.7s | total=     24.7s | reward=-1.7679 | p_loss=401090.7476 | v_loss=1240.6095 | ent=5.9349
update=75     | rollout=     19.4s | train=      6.2s | total=     25.6s | reward=-0.3529 | p_loss=43.1270 | v_loss=734.4062 | ent=2.9821
update=76     | rollout=     19.6s | train=      6.4s | total=     26.0s | reward=-0.0525 | p_loss=0.4810 | v_loss=1289.1554 | ent=2.2511
update=77     | rollout=     21.3s | train=      5.9s | total=     27.2s | reward=+1.3345 | p_loss=605.7794 | v_loss=2233.5243 | ent=3.1230
update=78     | rollout=     14.4s | train=      3.0s | total=     17.3s | reward=-1.6971 | p_loss=3.5814 | v_loss=1488.3780 | ent=0.5083
update=79     | rollout=     12.0s | train=      2.2s | total=     14.2s | reward=-0.9793 | p_loss=8.5076 | v_loss=607.7971 | ent=1.4791
update=80     | rollout=      9.6s | train=      2.6s | total=     12.3s | reward=-0.2967 | p_loss=0.1536 | v_loss=216.8535 | ent=1.4307
update=81     | rollout=      9.1s | train=      4.7s | total=     13.8s | reward=-0.1598 | p_loss=0.4912 | v_loss=577.9060 | ent=2.6768
update=82     | rollout=     12.0s | train=      6.2s | total=     18.2s | reward=-1.1180 | p_loss=0.2769 | v_loss=968.4927 | ent=4.9224
update=83     | rollout=     15.7s | train=      7.1s | total=     23.6s | reward=-0.4733 | p_loss=0.2154 | v_loss=493.9989 | ent=5.3387
update=84     | rollout=     16.4s | train=      7.0s | total=     23.5s | reward=+0.7283 | p_loss=0.9879 | v_loss=1018.1230 | ent=4.8573
update=85     | rollout=     14.7s | train=      5.6s | total=     20.2s | reward=-0.1353 | p_loss=0.2498 | v_loss=1056.8031 | ent=2.7848
update=86     | rollout=      9.0s | train=      3.6s | total=     12.5s | reward=-1.8225 | p_loss=54726.9017 | v_loss=784.9230 | ent=2.4891
update=87     | rollout=     10.0s | train=      3.4s | total=     13.4s | reward=-1.3602 | p_loss=103.1787 | v_loss=1110.4967 | ent=1.0256
update=88     | rollout=     11.2s | train=      4.2s | total=     15.5s | reward=-0.3733 | p_loss=0.0940 | v_loss=543.7090 | ent=0.9309
update=89     | rollout=     13.8s | train=      4.2s | total=     18.0s | reward=-1.1442 | p_loss=115.4140 | v_loss=293.1065 | ent=1.1718
update=90     | rollout=     13.7s | train=      4.3s | total=     18.0s | reward=-0.2343 | p_loss=0.2385 | v_loss=1056.8792 | ent=3.1569
update=91     | rollout=     11.4s | train=      4.0s | total=     15.3s | reward=-0.2829 | p_loss=0.2819 | v_loss=226.9585 | ent=4.1757
update=92     | rollout=     15.5s | train=      5.0s | total=     20.6s | reward=-0.9572 | p_loss=14.0212 | v_loss=633.9716 | ent=5.0229
update=93     | rollout=     17.5s | train=      5.2s | total=     22.7s | reward=-1.0673 | p_loss=18.1965 | v_loss=1058.9197 | ent=3.3615
update=94     | rollout=     15.7s | train=      3.1s | total=     18.8s | reward=-1.9157 | p_loss=59.1607 | v_loss=1371.2744 | ent=2.5650
update=95     | rollout=     11.2s | train=      2.2s | total=     13.3s | reward=-0.3888 | p_loss=0.3208 | v_loss=825.9550 | ent=1.1047
update=96     | rollout=      9.8s | train=      1.7s | total=     11.5s | reward=-0.3895 | p_loss=1.8852 | v_loss=175.3373 | ent=1.3223
update=97     | rollout=     12.5s | train=      2.9s | total=     15.4s | reward=-1.5471 | p_loss=0.1836 | v_loss=1655.8875 | ent=1.6955
update=98     | rollout=     14.8s | train=      4.5s | total=     19.4s | reward=-0.7072 | p_loss=0.3923 | v_loss=480.5091 | ent=2.2536
update=99     | rollout=     19.4s | train=      5.8s | total=     25.2s | reward=-0.8211 | p_loss=63.5208 | v_loss=1045.4666 | ent=3.1568
update=100    | rollout=     21.7s | train=      6.1s | total=     27.9s | reward=-0.5291 | p_loss=270.7341 | v_loss=560.8917 | ent=3.9394

------------------------------------------------------------
Training finished at: 2026-05-22 17:38:05
Total updates: 100
Total time: 28min2.9s
Average per update: 16.8s
------------------------------------------------------------
